[    0.000000] Initializing cgroup subsys cpuset
[    0.000000] Initializing cgroup subsys cpu
[    0.000000] Initializing cgroup subsys cpuacct
[    0.000000] Linux version 4.4.0-210-generic (buildd@lgw01-amd64-009) (gcc version 5.4.0 20160609 (Ubuntu 5.4.0-6ubuntu1~16.04.12) ) #242-Ubuntu SMP Fri Apr 16 09:57:56 UTC 2021 (Ubuntu 4.4.0-210.242-generic 4.4.262)
[    0.000000] Command line: BOOT_IMAGE=/boot/vmlinuz-4.4.0-210-generic root=LABEL=cloudimg-rootfs ro console=tty1 console=ttyS0
[    0.000000] KERNEL supported cpus:
[    0.000000]   Intel GenuineIntel
[    0.000000]   AMD AuthenticAMD
[    0.000000]   Centaur CentaurHauls
[    0.000000] x86/fpu: Legacy x87 FPU detected.
[    0.000000] e820: BIOS-provided physical RAM map:
[    0.000000] BIOS-e820: [mem 0x0000000000000000-0x000000000009fbff] usable
[    0.000000] BIOS-e820: [mem 0x000000000009fc00-0x000000000009ffff] reserved
[    0.000000] BIOS-e820: [mem 0x00000000000f0000-0x00000000000fffff] reserved
[    0.000000] BIOS-e820: [mem 0x0000000000100000-0x000000003ffeffff] usable
[    0.000000] BIOS-e820: [mem 0x000000003fff0000-0x000000003fffffff] ACPI data
[    0.000000] BIOS-e820: [mem 0x00000000fec00000-0x00000000fec00fff] reserved
[    0.000000] BIOS-e820: [mem 0x00000000fee00000-0x00000000fee00fff] reserved
[    0.000000] BIOS-e820: [mem 0x00000000fffc0000-0x00000000ffffffff] reserved
[    0.000000] NX (Execute Disable) protection: active
[    0.000000] SMBIOS 2.5 present.
[    0.000000] Hypervisor detected: KVM
[    0.000000] e820: last_pfn = 0x3fff0 max_arch_pfn = 0x400000000
[    0.000000] MTRR: Disabled
[    0.000000] x86/PAT: MTRRs disabled, skipping PAT initialization too.
[    0.000000] CPU MTRRs all blank - virtualized system.
[    0.000000] x86/PAT: Configuration [0-7]: WB  WT  UC- UC  WB  WT  UC- UC  
[    0.000000] found SMP MP-table at [mem 0x0009fff0-0x0009ffff] mapped at [ffff88000009fff0]
[    0.000000] Scanning 1 areas for low memory corruption
[    0.000000] RAMDISK: [mem 0x362dc000-0x37165fff]
[    0.000000] ACPI: Early table checksum verification disabled
[    0.000000] ACPI: RSDP 0x00000000000E0000 000024 (v02 VBOX  )
[    0.000000] ACPI: XSDT 0x000000003FFF0030 00003C (v01 VBOX   VBOXXSDT 00000001 ASL  00000061)
[    0.000000] ACPI: FACP 0x000000003FFF00F0 0000F4 (v04 VBOX   VBOXFACP 00000001 ASL  00000061)
[    0.000000] ACPI: DSDT 0x000000003FFF0610 002353 (v02 VBOX   VBOXBIOS 00000002 INTL 20100528)
[    0.000000] ACPI: FACS 0x000000003FFF0200 000040
[    0.000000] ACPI: FACS 0x000000003FFF0200 000040
[    0.000000] ACPI: APIC 0x000000003FFF0240 000054 (v02 VBOX   VBOXAPIC 00000001 ASL  00000061)
[    0.000000] ACPI: SSDT 0x000000003FFF02A0 00036C (v01 VBOX   VBOXCPUT 00000002 INTL 20100528)
[    0.000000] No NUMA configuration found
[    0.000000] Faking a node at [mem 0x0000000000000000-0x000000003ffeffff]
[    0.000000] NODE_DATA(0) allocated [mem 0x3ffeb000-0x3ffeffff]
[    0.000000] kvm-clock: Using msrs 4b564d01 and 4b564d00
[    0.000000] kvm-clock: cpu 0, msr 0:3ffe3001, primary cpu clock
[    0.000000] kvm-clock: using sched offset of 4557181765 cycles
[    0.000000] clocksource: kvm-clock: mask: 0xffffffffffffffff max_cycles: 0x1cd42e4dffb, max_idle_ns: 881590591483 ns
[    0.000000] Zone ranges:
[    0.000000]   DMA      [mem 0x0000000000001000-0x0000000000ffffff]
[    0.000000]   DMA32    [mem 0x0000000001000000-0x000000003ffeffff]
[    0.000000]   Normal   empty
[    0.000000]   Device   empty
[    0.000000] Movable zone start for each node
[    0.000000] Early memory node ranges
[    0.000000]   node   0: [mem 0x0000000000001000-0x000000000009efff]
[    0.000000]   node   0: [mem 0x0000000000100000-0x000000003ffeffff]
[    0.000000] Initmem setup node 0 [mem 0x0000000000001000-0x000000003ffeffff]
[    0.000000] ACPI: PM-Timer IO Port: 0x4008
[    0.000000] IOAPIC[0]: apic_id 1, version 32, address 0xfec00000, GSI 0-23
[    0.000000] ACPI: INT_SRC_OVR (bus 0 bus_irq 0 global_irq 2 dfl dfl)
[    0.000000] ACPI: INT_SRC_OVR (bus 0 bus_irq 9 global_irq 9 low level)
[    0.000000] Using ACPI (MADT) for SMP configuration information
[    0.000000] smpboot: Allowing 1 CPUs, 0 hotplug CPUs
[    0.000000] PM: Registered nosave memory: [mem 0x00000000-0x00000fff]
[    0.000000] PM: Registered nosave memory: [mem 0x0009f000-0x0009ffff]
[    0.000000] PM: Registered nosave memory: [mem 0x000a0000-0x000effff]
[    0.000000] PM: Registered nosave memory: [mem 0x000f0000-0x000fffff]
[    0.000000] e820: [mem 0x40000000-0xfebfffff] available for PCI devices
[    0.000000] Booting paravirtualized kernel on KVM
[    0.000000] clocksource: refined-jiffies: mask: 0xffffffff max_cycles: 0xffffffff, max_idle_ns: 7645519600211568 ns
[    0.000000] setup_percpu: NR_CPUS:512 nr_cpumask_bits:512 nr_cpu_ids:1 nr_node_ids:1
[    0.000000] PERCPU: Embedded 33 pages/cpu @ffff88003fc00000 s95192 r8192 d31784 u2097152
[    0.000000] Built 1 zonelists in Node order, mobility grouping on.  Total pages: 257912
[    0.000000] Policy zone: DMA32
[    0.000000] Kernel command line: BOOT_IMAGE=/boot/vmlinuz-4.4.0-210-generic root=LABEL=cloudimg-rootfs ro console=tty1 console=ttyS0
[    0.000000] PID hash table entries: 4096 (order: 3, 32768 bytes)
[    0.000000] Memory: 997924K/1048120K available (8644K kernel code, 1332K rwdata, 4044K rodata, 1492K init, 1164K bss, 50196K reserved, 0K cma-reserved)
[    0.000000] SLUB: HWalign=64, Order=0-3, MinObjects=0, CPUs=1, Nodes=1
[    0.000000] Kernel/User page tables isolation: enabled
[    0.000000] Hierarchical RCU implementation.
[    0.000000] 	Build-time adjustment of leaf fanout to 64.
[    0.000000] 	RCU restricting CPUs from NR_CPUS=512 to nr_cpu_ids=1.
[    0.000000] RCU: Adjusting geometry for rcu_fanout_leaf=64, nr_cpu_ids=1
[    0.000000] NR_IRQS:33024 nr_irqs:256 16
[    0.000000] Console: colour VGA+ 80x25
[    0.000000] console [tty1] enabled
[    0.000000] console [ttyS0] enabled
[    0.000000] tsc: Detected 2400.000 MHz processor
[    1.669848] Calibrating delay loop (skipped) preset value.. 4800.00 BogoMIPS (lpj=9600000)
[    1.699940] pid_max: default: 32768 minimum: 301
[    1.714637] ACPI: Core revision 20150930
[    1.739336] ACPI: 2 ACPI AML tables successfully acquired and loaded
[    1.764714] Security Framework initialized
[    1.814093] Yama: becoming mindful.
[    1.822928] AppArmor: AppArmor initialized
[    1.849145] Dentry cache hash table entries: 131072 (order: 8, 1048576 bytes)
[    1.884558] Inode-cache hash table entries: 65536 (order: 7, 524288 bytes)
[    1.922383] Mount-cache hash table entries: 2048 (order: 2, 16384 bytes)
[    1.946643] Mountpoint-cache hash table entries: 2048 (order: 2, 16384 bytes)
[    1.973412] Initializing cgroup subsys io
[    2.002088] Initializing cgroup subsys memory
[    2.019973] Initializing cgroup subsys devices
[    2.037037] Initializing cgroup subsys freezer
[    2.048868] Initializing cgroup subsys net_cls
[    2.061486] Initializing cgroup subsys perf_event
[    2.075401] Initializing cgroup subsys net_prio
[    2.090893] Initializing cgroup subsys hugetlb
[    2.104765] Initializing cgroup subsys pids
[    2.119938] mce: CPU supports 0 MCE banks
[    2.134841] Last level iTLB entries: 4KB 64, 2MB 8, 4MB 8
[    2.151428] Last level dTLB entries: 4KB 64, 2MB 0, 4MB 0, 1GB 4
[    2.172195] Spectre V1 : Mitigation: usercopy/swapgs barriers and __user pointer sanitization
[    2.201128] Spectre V2 : Mitigation: Full generic retpoline
[    2.217468] Spectre V2 : Spectre v2 / SpectreRSB mitigation: Filling RSB on context switch
[    2.253031] Speculative Store Bypass: Vulnerable
[    2.277311] SRBDS: Unknown: Dependent on hypervisor status
[    2.302040] MDS: Mitigation: Clear CPU buffers
[    2.971111] Freeing SMP alternatives memory: 36K
[    3.235797] ftrace: allocating 32380 entries in 127 pages
[    5.018852] smpboot: APIC(0) Converting physical 0 to logical package 0
[    5.051953] smpboot: Max logical packages: 1
[    5.124177] ..TIMER: vector=0x30 apic1=0 pin1=2 apic2=-1 pin2=-1
[    5.248717] APIC calibration not consistent with PM-Timer: 96ms instead of 100ms
[    5.274680] APIC delta adjusted to PM-Timer: 6221656 (6000342)
[    5.295508] smpboot: CPU0: Intel(R) Core(TM) i5-6200U CPU @ 2.30GHz (family: 0x6, model: 0x4e, stepping: 0x3)
[    5.321828] Performance Events: unsupported p6 CPU model 78 no PMU driver, software events only.
[    5.626692] KVM setup paravirtual spinlock
[    5.638187] x86: Booted up 1 node, 1 CPUs
[    5.647619] smpboot: Total of 1 processors activated (4800.00 BogoMIPS)
[    5.669161] devtmpfs: initialized
[    5.684362] evm: security.selinux
[    5.697825] evm: security.SMACK64
[    5.707566] evm: security.SMACK64EXEC
[    5.717330] evm: security.SMACK64TRANSMUTE
[    5.731380] evm: security.SMACK64MMAP
[    5.743887] evm: security.ima
[    5.752626] evm: security.capability
[    5.763291] clocksource: jiffies: mask: 0xffffffff max_cycles: 0xffffffff, max_idle_ns: 7645041785100000 ns
[    5.784725] futex hash table entries: 256 (order: 2, 16384 bytes)
[    5.797290] pinctrl core: initialized pinctrl subsystem
[    5.809125] RTC time: 23:56:55, date: 08/14/23
[    5.818018] NET: Registered protocol family 16
[    5.828239] cpuidle: using governor ladder
[    5.836079] cpuidle: using governor menu
[    5.843776] PCCT header not found.
[    5.851922] ACPI: bus type PCI registered
[    5.860011] acpiphp: ACPI Hot Plug PCI Controller Driver version: 0.5
[    5.873406] PCI: Using configuration type 1 for base access
[    5.891228] ACPI: Added _OSI(Module Device)
[    5.899450] ACPI: Added _OSI(Processor Device)
[    5.907270] ACPI: Added _OSI(3.0 _SCP Extensions)
[    5.917356] ACPI: Added _OSI(Processor Aggregator Device)
[    5.933353] ACPI: Executed 1 blocks of module-level executable AML code
[    5.965265] ACPI: Interpreter enabled
[    5.977738] ACPI: (supports S0 S5)
[    5.987533] ACPI: Using IOAPIC for interrupt routing
[    6.001745] PCI: Using host bridge windows from ACPI; if necessary, use "pci=nocrs" and report a bug
[    6.045714] ACPI: PCI Root Bridge [PCI0] (domain 0000 [bus 00-ff])
[    6.063606] acpi PNP0A03:00: _OSC: OS supports [ASPM ClockPM Segments MSI]
[    6.082999] acpi PNP0A03:00: _OSC: not requesting OS control; OS requires [ExtendedConfig ASPM ClockPM MSI]
[    6.111272] acpi PNP0A03:00: fail to add MMCONFIG information, can't access extended PCI configuration space under this bridge.
[    6.139693] PCI host bridge to bus 0000:00
[    6.150924] pci_bus 0000:00: root bus resource [io  0x0000-0x0cf7 window]
[    6.172766] pci_bus 0000:00: root bus resource [io  0x0d00-0xffff window]
[    6.191661] pci_bus 0000:00: root bus resource [mem 0x000a0000-0x000bffff window]
[    6.211460] pci_bus 0000:00: root bus resource [mem 0x40000000-0xfdffffff window]
[    6.236615] pci_bus 0000:00: root bus resource [bus 00-ff]
[    6.268549] pci 0000:00:01.1: legacy IDE quirk: reg 0x10: [io  0x01f0-0x01f7]
[    6.282249] pci 0000:00:01.1: legacy IDE quirk: reg 0x14: [io  0x03f6]
[    6.295722] pci 0000:00:01.1: legacy IDE quirk: reg 0x18: [io  0x0170-0x0177]
[    6.312843] pci 0000:00:01.1: legacy IDE quirk: reg 0x1c: [io  0x0376]
[    6.395321] pci 0000:00:07.0: quirk: [io  0x4000-0x403f] claimed by PIIX4 ACPI
[    6.412407] pci 0000:00:07.0: quirk: [io  0x4100-0x410f] claimed by PIIX4 SMB
[    6.468255] ACPI: PCI Interrupt Link [LNKA] (IRQs 5 9 10 *11)
[    6.494885] ACPI: PCI Interrupt Link [LNKB] (IRQs 5 9 *10 11)
[    6.511526] ACPI: PCI Interrupt Link [LNKC] (IRQs 5 *9 10 11)
[    6.589215] ACPI: PCI Interrupt Link [LNKD] (IRQs 5 9 10 *11)
[    6.606637] ACPI: Enabled 2 GPEs in block 00 to 07
[    6.616896] vgaarb: setting as boot device: PCI:0000:00:02.0
[    6.630884] vgaarb: device added: PCI:0000:00:02.0,decodes=io+mem,owns=io+mem,locks=none
[    6.656133] vgaarb: loaded
[    6.664191] vgaarb: bridge control possible 0000:00:02.0
[    6.677885] SCSI subsystem initialized
[    6.686262] ACPI: bus type USB registered
[    6.695244] usbcore: registered new interface driver usbfs
[    6.707183] usbcore: registered new interface driver hub
[    6.728583] usbcore: registered new device driver usb
[    6.743578] PCI: Using ACPI for IRQ routing
[    6.759831] NetLabel: Initializing
[    6.770158] NetLabel:  domain hash size = 128
[    6.786031] NetLabel:  protocols = UNLABELED CIPSOv4
[    6.799864] NetLabel:  unlabeled traffic allowed by default
[    6.815048] amd_nb: Cannot enumerate AMD northbridges
[    6.828525] clocksource: Switched to clocksource kvm-clock
[    6.933978] AppArmor: AppArmor Filesystem Enabled
[    6.949677] pnp: PnP ACPI init
[    6.961473] pnp: PnP ACPI: found 3 devices
[    6.981778] clocksource: acpi_pm: mask: 0xffffff max_cycles: 0xffffff, max_idle_ns: 2085701024 ns
[    6.999295] NET: Registered protocol family 2
[    7.009097] TCP established hash table entries: 8192 (order: 4, 65536 bytes)
[    7.025095] TCP bind hash table entries: 8192 (order: 5, 131072 bytes)
[    7.039022] TCP: Hash tables configured (established 8192 bind 8192)
[    7.054221] UDP hash table entries: 512 (order: 2, 16384 bytes)
[    7.067567] UDP-Lite hash table entries: 512 (order: 2, 16384 bytes)
[    7.082378] NET: Registered protocol family 1
[    7.091114] pci 0000:00:00.0: Limiting direct PCI/PCI transfers
[    7.109185] pci 0000:00:01.0: Activating ISA DMA hang workarounds
[    7.127531] Unpacking initramfs...
[    8.369635] Freeing initrd memory: 14888K
[    8.381137] clocksource: tsc: mask: 0xffffffffffffffff max_cycles: 0x22983777dd9, max_idle_ns: 440795300422 ns
[    8.408249] platform rtc_cmos: registered platform RTC device (no PNP device found)
[    8.433763] Scanning for low memory corruption every 60 seconds
[    8.453327] audit: initializing netlink subsys (disabled)
[    8.469490] audit: type=2000 audit(1692057419.005:1): initialized
[    8.488338] Initialise system trusted keyring
[    8.511515] HugeTLB registered 2 MB page size, pre-allocated 0 pages
[    8.540895] zbud: loaded
[    8.551134] VFS: Disk quotas dquot_6.6.0
[    8.565615] VFS: Dquot-cache hash table entries: 512 (order 0, 4096 bytes)
[    8.592479] squashfs: version 4.0 (2009/01/31) Phillip Lougher
[    8.613582] fuse init (API version 7.23)
[    8.627990] Key type big_key registered
[    8.639639] Allocating IMA MOK and blacklist keyrings.
[    8.661779] Key type asymmetric registered
[    8.679274] Asymmetric key parser 'x509' registered
[    8.694740] Block layer SCSI generic (bsg) driver version 0.4 loaded (major 249)
[    8.712888] io scheduler noop registered
[    8.724345] io scheduler deadline registered (default)
[    8.742157] io scheduler cfq registered
[    8.751864] pci_hotplug: PCI Hot Plug PCI Core version: 0.5
[    8.767041] pciehp: PCI Express Hot Plug Controller Driver version: 0.4
[    8.787102] ACPI: AC Adapter [AC] (off-line)
[    8.798754] input: Power Button as /devices/LNXSYSTM:00/LNXPWRBN:00/input/input0
[    8.819016] ACPI: Power Button [PWRF]
[    8.835641] input: Sleep Button as /devices/LNXSYSTM:00/LNXSLPBN:00/input/input1
[    8.857945] ACPI: Sleep Button [SLPF]
[    8.873108] GHES: HEST is not enabled!
[    8.884151] ACPI: Battery Slot [BAT0] (battery present)
[    8.901410] Serial: 8250/16550 driver, 32 ports, IRQ sharing enabled
[    8.989282] 00:02: ttyS0 at I/O 0x3f8 (irq = 4, base_baud = 115200) is a 16550A
[    9.017362] Linux agpgart interface v0.103
[    9.043570] loop: module loaded
[    9.059099] scsi host0: ata_piix
[    9.069856] scsi host1: ata_piix
[    9.080744] ata1: PATA max UDMA/33 cmd 0x1f0 ctl 0x3f6 bmdma 0xd000 irq 14
[    9.109262] ata2: PATA max UDMA/33 cmd 0x170 ctl 0x376 bmdma 0xd008 irq 15
[    9.138715] libphy: Fixed MDIO Bus: probed
[    9.153611] tun: Universal TUN/TAP device driver, 1.6
[    9.165946] tun: (C) 1999-2004 Max Krasnyansky <maxk@qualcomm.com>
[    9.179969] PPP generic driver version 2.4.2
[    9.189346] ehci_hcd: USB 2.0 'Enhanced' Host Controller (EHCI) Driver
[    9.210489] ehci-pci: EHCI PCI platform driver
[    9.222025] ehci-platform: EHCI generic platform driver
[    9.237208] ohci_hcd: USB 1.1 'Open' Host Controller (OHCI) Driver
[    9.254265] ohci-pci: OHCI PCI platform driver
[    9.269454] ohci-platform: OHCI generic platform driver
[    9.284607] uhci_hcd: USB Universal Host Controller Interface driver
[    9.448214] i8042: PNP: PS/2 Controller [PNP0303:PS2K,PNP0f03:PS2M] at 0x60,0x64 irq 1,12
[    9.472023] serio: i8042 KBD port at 0x60,0x64 irq 1
[    9.481902] serio: i8042 AUX port at 0x60,0x64 irq 12
[    9.493163] mousedev: PS/2 mouse device common for all mice
[    9.508097] input: AT Translated Set 2 keyboard as /devices/platform/i8042/serio0/input/input2
[    9.526638] rtc_cmos rtc_cmos: rtc core: registered rtc_cmos as rtc0
[    9.539612] rtc_cmos rtc_cmos: alarms up to one day, 114 bytes nvram
[    9.553839] i2c /dev entries driver
[    9.562156] device-mapper: uevent: version 1.0.3
[    9.572770] device-mapper: ioctl: 4.34.0-ioctl (2015-10-28) initialised: dm-devel@redhat.com
[    9.589432] ledtrig-cpu: registered to indicate activity on CPUs
[    9.601796] NET: Registered protocol family 10
[    9.615167] NET: Registered protocol family 17
[    9.629188] Key type dns_resolver registered
[    9.639714] registered taskstats version 1
[    9.650966] Loading compiled-in X.509 certificates
[    9.664922] Loaded X.509 cert 'Build time autogenerated kernel key: cf00e047681d67edb2720680708b7d9498083038'
[    9.689540] zswap: loaded using pool lzo/zbud
[    9.709012] Key type trusted registered
[    9.732078] Key type encrypted registered
[    9.745234] AppArmor: AppArmor sha1 policy hashing enabled
[    9.759906] ima: No TPM chip found, activating TPM-bypass!
[    9.777947] ima: Allocated hash algorithm: sha1
[    9.791860] evm: HMAC attrs: 0x1
[    9.806610]   Magic number: 3:397:959
[    9.820326] rtc_cmos rtc_cmos: setting system clock to 2023-08-14 23:56:59 UTC (1692057419)
[    9.850798] BIOS EDD facility v0.16 2004-Jun-25, 0 devices found
[    9.871785] EDD information not available.
[    9.892473] Freeing unused kernel memory: 1492K
[    9.905421] Write protecting the kernel read-only data: 14336k
[    9.923257] Freeing unused kernel memory: 1584K
[    9.937629] Freeing unused kernel memory: 52K
Loading, please wait...
starting version 229
[   10.002013] random: systemd-udevd: uninitialized urandom read (16 bytes read, 11 bits of entropy available)
[   10.034246] random: udevadm: uninitialized urandom read (16 bytes read, 11 bits of entropy available)
[   10.059233] random: systemd-udevd: uninitialized urandom read (16 bytes read, 11 bits of entropy available)
[   10.085629] random: udevadm: uninitialized urandom read (16 bytes read, 11 bits of entropy available)
[   10.118482] random: systemd-udevd: uninitialized urandom read (16 bytes read, 11 bits of entropy available)
[   10.193706] random: systemd-udevd: uninitialized urandom read (16 bytes read, 11 bits of entropy available)
[   10.221764] random: udevadm: uninitialized urandom read (16 bytes read, 11 bits of entropy available)
[   10.247281] random: systemd-udevd: uninitialized urandom read (16 bytes read, 11 bits of entropy available)
[   10.274319] random: udevadm: uninitialized urandom read (16 bytes read, 11 bits of entropy available)
[   10.312625] random: systemd-udevd: uninitialized urandom read (16 bytes read, 11 bits of entropy available)
[   10.619059] Fusion MPT base driver 3.04.20
[   10.628924] Copyright (c) 1999-2008 LSI Corporation
[   10.668000] e1000: Intel(R) PRO/1000 Network Driver - version 7.3.21-k8-NAPI
[   10.680915] e1000: Copyright (c) 1999-2006 Intel Corporation.
[   10.719360] SSE version of gcm_enc/dec engaged.
[   10.844370] Fusion MPT SPI Host driver 3.04.20
[   11.151812] input: ImExPS/2 Generic Explorer Mouse as /devices/platform/i8042/serio1/input/input4
[   12.497114] e1000 0000:00:03.0 eth0: (PCI:33MHz:32-bit) 02:be:82:6b:cc:1d
[   12.510836] e1000 0000:00:03.0 eth0: Intel(R) PRO/1000 Network Connection
[   12.527377] mptbase: ioc0: Initiating bringup
[   12.651537] ioc0: LSI53C1030 A0: Capabilities={Initiator}
[   12.943548] scsi host2: ioc0: LSI53C1030 A0, FwRev=00000000h, Ports=1, MaxQ=256, IRQ=20
[   13.101671] scsi 2:0:0:0: Direct-Access     VBOX     HARDDISK         1.0  PQ: 0 ANSI: 5
[   13.121273] scsi target2:0:0: Beginning Domain Validation
[   13.169752] scsi target2:0:0: Domain Validation skipping write tests
[   13.185130] scsi target2:0:0: Ending Domain Validation
[   13.266068] scsi target2:0:0: asynchronous
[   13.309873] scsi 2:0:1:0: Direct-Access     VBOX     HARDDISK         1.0  PQ: 0 ANSI: 5
[   13.372245] scsi target2:0:1: Beginning Domain Validation
[   13.457608] scsi target2:0:1: Domain Validation skipping write tests
[   13.468101] scsi target2:0:1: Ending Domain Validation
[   13.506880] scsi target2:0:1: asynchronous
[   13.807066] sd 2:0:0:0: Attached scsi generic sg0 type 0
[   13.822762] sd 2:0:0:0: [sda] 83886080 512-byte logical blocks: (42.9 GB/40.0 GiB)
[   13.866554] sd 2:0:1:0: [sdb] 20480 512-byte logical blocks: (10.5 MB/10.0 MiB)
[   13.883186] sd 2:0:1:0: Attached scsi generic sg1 type 0
[   13.918269] sd 2:0:1:0: [sdb] Write Protect is off
[   13.933379] sd 2:0:0:0: [sda] Write Protect is off
[   13.972005] sd 2:0:1:0: [sdb] Incomplete mode parameter data
[   13.989409] sd 2:0:1:0: [sdb] Assuming drive cache: write through
[   14.007018] sd 2:0:0:0: [sda] Incomplete mode parameter data
[   14.021262] sd 2:0:0:0: [sda] Assuming drive cache: write through
[   14.109764]  sda: sda1
[   14.123734] sd 2:0:0:0: [sda] Attached SCSI disk
[   14.162345] sd 2:0:1:0: [sdb] Attached SCSI disk
[   15.166929] e1000 0000:00:08.0 eth1: (PCI:33MHz:32-bit) 08:00:27:a0:60:85
[   15.183291] e1000 0000:00:08.0 eth1: Intel(R) PRO/1000 Network Connection
[   15.202065] e1000 0000:00:08.0 enp0s8: renamed from eth1
[   15.219418] e1000 0000:00:03.0 enp0s3: renamed from eth0
Begin: Loading essential drivers ... [   18.401018] md: linear personality registered for level -1
[   18.430671] md: multipath personality registered for level -4
[   18.458777] md: raid0 personality registered for level 0
[   18.505560] md: raid1 personality registered for level 1
[   18.612893] raid6: sse2x1   gen()  2408 MB/s
[   18.704804] raid6: sse2x1   xor()  2103 MB/s
[   18.797502] raid6: sse2x2   gen()  3742 MB/s
[   18.896950] raid6: sse2x2   xor()  1745 MB/s
[   18.977929] raid6: sse2x4   gen()  3223 MB/s
[   19.064760] raid6: sse2x4   xor()  3638 MB/s
[   19.077319] raid6: using algorithm sse2x2 gen() 3742 MB/s
[   19.089060] raid6: .... xor() 1745 MB/s, rmw enabled
[   19.100218] raid6: using ssse3x2 recovery algorithm
[   19.118979] xor: measuring software checksum speed
[   19.234006]    prefetch64-sse: 24810.000 MB/sec
[   19.348699]    generic_sse: 13171.000 MB/sec
[   19.366378] xor: using function: prefetch64-sse (24810.000 MB/sec)
[   19.388056] async_tx: api initialized (async)
[   19.513232] md: raid6 personality registered for level 6
[   19.531750] md: raid5 personality registered for level 5
[   19.550787] md: raid4 personality registered for level 4
[   19.614240] md: raid10 personality registered for level 10
done.
Begin: Running /scripts/init-premount ... done.
Begin: Mounting root file system ... Begin: Running /scripts/local-top ... done.
Begin: Running /scripts/local-premount ... [   19.911568] Btrfs loaded
Scanning for Btrfs filesystems
done.
Warning: fsck not present, so skipping root file system
[   20.097679] EXT4-fs (sda1): mounted filesystem with ordered data mode. Opts: (null)
done.
Begin: Running /scripts/local-bottom ... done.
Begin: Running /scripts/init-bottom ... [   20.232996] random: nonblocking pool is initialized
done.
[   20.504383] systemd[1]: systemd 229 running in system mode. (+PAM +AUDIT +SELINUX +IMA +APPARMOR +SMACK +SYSVINIT +UTMP +LIBCRYPTSETUP +GCRYPT +GNUTLS +ACL +XZ -LZ4 +SECCOMP +BLKID +ELFUTILS +KMOD -IDN)
[   20.546026] systemd[1]: Detected virtualization oracle.
[   20.562273] systemd[1]: Detected architecture x86-64.

Welcome to [1mUbuntu 16.04.7 LTS[0m!

[   20.620548] systemd[1]: Set hostname to <ubuntu>.
[   20.657768] systemd[1]: Initializing machine ID from random generator.
[   20.679172] systemd[1]: Installed transient /etc/machine-id file.
[   21.251819] systemd[1]: Reached target User and Group Name Lookups.
[[0;32m  OK  [0m] Reached target User and Group Name Lookups.
[   21.279980] systemd[1]: Created slice User and Session Slice.
[[0;32m  OK  [0m] Created slice User and Session Slice.
[   21.311621] systemd[1]: Started Trigger resolvconf update for networkd DNS.
[[0;32m  OK  [0m] Started Trigger resolvconf update for networkd DNS.
[   21.358226] systemd[1]: Listening on Journal Socket (/dev/log).
[[0;32m  OK  [0m] Listening on Journal Socket (/dev/log).
[   21.393923] systemd[1]: Listening on Journal Socket.
[[0;32m  OK  [0m] Listening on Journal Socket.
[   21.419090] systemd[1]: Reached target Swap.
[[0;32m  OK  [0m] Reached target Swap.
[   21.442867] systemd[1]: Listening on LVM2 poll daemon socket.
[[0;32m  OK  [0m] Listening on LVM2 poll daemon socket.
[   21.467250] systemd[1]: Listening on Device-mapper event daemon FIFOs.
[[0;32m  OK  [0m] Listening on Device-mapper event daemon FIFOs.
[   21.495048] systemd[1]: Listening on /dev/initctl Compatibility Named Pipe.
[[0;32m  OK  [0m] Listening on /dev/initctl Compatibility Named Pipe.
[   21.527795] systemd[1]: Listening on udev Kernel Socket.
[[0;32m  OK  [0m] Listening on udev Kernel Socket.
[   21.559138] systemd[1]: Reached target Encrypted Volumes.
[[0;32m  OK  [0m] Reached target Encrypted Volumes.
[   21.599388] systemd[1]: Listening on LVM2 metadata daemon socket.
[[0;32m  OK  [0m] Listening on LVM2 metadata daemon socket.
[   21.640410] systemd[1]: Set up automount Arbitrary Executable File Formats File System Automount Point.
[[0;32m  OK  [0m] Set up automount Arbitrary Executab...ats File System Automount Point.
[   21.700497] systemd[1]: Listening on fsck to fsckd communication Socket.
[[0;32m  OK  [0m] Listening on fsck to fsckd communication Socket.
[   21.747038] systemd[1]: Listening on Syslog Socket.
[[0;32m  OK  [0m] Listening on Syslog Socket.
[   21.779749] systemd[1]: Reached target System Time Synchronized.
[[0;32m  OK  [0m] Reached target System Time Synchronized.
[   21.815725] systemd[1]: Started Forward Password Requests to Wall Directory Watch.
[[0;32m  OK  [0m] Started Forward Password Requests to Wall Directory Watch.
[   21.851178] systemd[1]: Created slice System Slice.
[[0;32m  OK  [0m] Created slice System Slice.
[   21.877356] systemd[1]: Starting Create list of required static device nodes for the current kernel...
         Starting Create list of required st... nodes for the current kernel...
[   21.937311] systemd[1]: Starting Set console keymap...
         Starting Set console keymap...
[   21.999857] systemd[1]: Starting Nameserver information manager...
         Starting Nameserver information manager...
[   22.075638] systemd[1]: Mounting Huge Pages File System...
         Mounting Huge Pages File System...
[   22.141035] systemd[1]: Mounting POSIX Message Queue File System...
         Mounting POSIX Message Queue File System...
[   22.238996] systemd[1]: Mounting Debug File System...
         Mounting Debug File System...
[   22.288649] systemd[1]: Starting Load Kernel Modules...
         Starting Load Kernel Modules...
[   22.336838] systemd[1]: Created slice system-serial\x2dgetty.slice.
[[0;32m  OK  [0m] Created slice system-serial\x2dgetty.slice.
[   22.388740] systemd[1]: Starting File System Check on Root Device...
[   22.412637] Loading iSCSI transport class v2.0-870.
         Starting File System Check on Root Device...
[   22.468555] systemd[1]: Starting Uncomplicated firewall...
         Starting Uncomplicated firewall...
[   22.518616] systemd[1]: Reached target Slices.
[   22.548041] iscsi: registered transport (tcp)
[[0;32m  OK  [0m] Reached target Slices.
[   22.582047] systemd[1]: Listening on Journal Audit Socket.
[[0;32m  OK  [0m] Listening on Journal Audit Socket.
[   22.644175] systemd[1]: Starting Journal Service...
         Starting Journal Service...
[   22.699481] systemd[1]: Listening on udev Control Socket.
[[0;32m  OK  [0m] Listening on udev Control Socket.
[   22.775360] systemd[1]: Starting Monitoring of LVM2 mirrors, snapshots etc. using dmeventd or progress polling...
         Starting Monitoring of LVM2 mirrors... dmeventd or progress polling...
[   22.865666] systemd[1]: Mounted Huge Pages File System.
[[0;32m  OK  [0m] Mounted Huge Pages File System.
[   22.931447] systemd[1]: Mounted POSIX Message Queue File System.
[   22.957993] iscsi: registered transport (iser)
[[0;32m  OK  [0m] Mounted POSIX Message Queue File System.
[   22.992135] systemd[1]: Mounted Debug File System.
[[0;32m  OK  [0m] Mounted Debug File System.
[   23.022733] systemd[1]: Started Journal Service.
[[0;32m  OK  [0m] Started Journal Service.
[[0;32m  OK  [0m] Started Create list of required sta...ce nodes for the current kernel.
[[0;32m  OK  [0m] Started Set console keymap.
[[0;32m  OK  [0m] Started Load Kernel Modules.
[[0;32m  OK  [0m] Started File System Check on Root Device.
[[0;32m  OK  [0m] Started Uncomplicated firewall.
[[0;32m  OK  [0m] Started Nameserver information manager.
[[0;32m  OK  [0m] Started LVM2 metadata daemon.
[[0;32m  OK  [0m] Started File System Check Daemon to report status.
         Starting Remount Root and Kernel File Systems...
         [   23.419188] EXT4-fs (sda1): re-mounted. Opts: (null)
Starting Apply Kernel Variables...
         Mounting FUSE Control File System...
         Starting Create Static Device Nodes in /dev...
[[0;32m  OK  [0m] Mounted FUSE Control File System.
[[0;32m  OK  [0m] Started Remount Root and Kernel File Systems.
[[0;32m  OK  [0m] Started Apply Kernel Variables.
[[0;32m  OK  [0m] Started Create Static Device Nodes in /dev.
         Starting udev Kernel Device Manager...
         Starting udev Coldplug all Devices...
         Starting Flush Journal to Persistent Storage...
         Starting Load/Save Random Seed...
[[0;32m  OK  [0m] Started Load/Save Random Seed.
[[0;32m  OK  [0m] Started Monitoring of LVM2 mirrors,...ng dmeventd or progress polling.
[[0;32m  OK  [0m] Reached target Local File Systems (Pre).
[[0;32m  OK  [0m] Reached target Local File Systems.
         Starting Initial cloud-init job (pre-networking)...
         Starting LSB: AppArmor initialization...
         Starting Tell Plymouth To Write Out Runtime Data...
         Starting Set console font and keymap...
         Starting Commit a transient machine-id on disk...
[[0;32m  OK  [0m] Started udev Kernel Device Manager.
[[0;32m  OK  [0m] Started Tell Plymouth To Write Out Runtime Data.
[[0;32m  OK  [0m] Started Commit a transient machine-id on disk.
[[0;32m  OK  [0m] Started Flush Journal to Persistent Storage.
         Starting Create Volatile Files and Directories...
[[0;32m  OK  [0m] Started Create Volatile Files and Directories.
         Starting Update UTMP about System Boot/Shutdown...
[[0;32m  OK  [0m] Started Update UTMP about System Boot/Shutdown.
[[0;32m  OK  [0m] Started udev Coldplug all Devices.
[[0;32m  OK  [0m] Started Dispatch Password Requests to Console Directory Watch.
[[0;32m  OK  [0m] Found device /dev/ttyS0.
[[0;32m  OK  [0m] Listening on Load/Save RF Kill Switch Status /dev/rfkill Watch.
[   29.190792] [[0;32m  OK  [0m] Started LSB: AppArmor initialization.cloud-init
[471]: Cloud-init v. 21.1-19-gbad84ad4-0ubuntu1~16.04.2 running 'init-local' at Mon, 14 Aug 2023 23:57:21 +0000. Up 27.23 seconds.
         Starting Load AppArmor profiles managed internally by snapd...
[[0;32m  OK  [0m] Started Initial cloud-init job (pre-networking).
[[0;32m  OK  [0m] Started Load AppArmor profiles managed internally by snapd.
[[0;32m  OK  [0m] Reached target Network (Pre).
         Starting Raise network interfaces...
[[0;32m  OK  [0m] Started Set console font and keymap.
[[0;32m  OK  [0m] Created slice system-getty.slice.
[[0;32m  OK  [0m] Started Raise network interfaces.
         Starting Initial cloud-init job (metadata service crawler)...
[[0;32m  OK  [0m] Reached target Network.
[   37.338958] cloud-init[964]: Cloud-init v. 21.1-19-gbad84ad4-0ubuntu1~16.04.2 running 'init' at Mon, 14 Aug 2023 23:57:29 +0000. Up 35.00 seconds.
[   37.379169] cloud-init[964]: ci-info: ++++++++++++++++++++++++++++++++++++++Net device info+++++++++++++++++++++++++++++++++++++++
[   37.422559] cloud-init[964]: ci-info: +--------+-------+----------------------------+---------------+--------+-------------------+
[   37.464633] cloud-init[964]: ci-info: | Device |   Up  |          Address           |      Mask     | Scope  |     Hw-Address    |
[[0;32m  OK  [0m[   37.505415] cloud-init] [964]: ci-info: +--------+-------+----------------------------+---------------+--------+-------------------+Started Initial cloud-init job (metadata service crawler).
[
[   37.550285] [0;32m  OK  [0m] cloud-init[964]: ci-info: | enp0s3 |  True |         10.0.2.15          | 255.255.255.0 | global | 02:be:82:6b:cc:1d |Reached target Network is Online.
         Starting iSCSI initiator daemon (iscsid)...
[   37.580063] cloud-init[964]: ci-info: | enp0s3 |  True | fe80::be:82ff:fe6b:cc1d/64 |       .       |  link  | 02:be:82:6b:cc:1d |
[[0;32m  OK  [0m] Reached target Cloud-config availability.

[[   37.625912] [0;32m  OK  [0m] Reached target System Initialization.cloud-init
         [964]: ci-info: | enp0s8 | False |             .              |       .       |   .    | 08:00:27:a0:60:85 |Starting Socket activation for snappy daemon.

[   37.690968] cloud-init[964]:          Starting LXD - unix socket.ci-info: |   lo   |  True |         127.0.0.1          |   255.0.0.0   |  host  |         .         |
[[0;32m  OK  [0m] Started Message of the Day.
[[0;32m  OK  [0m
[   37.738966] ] Listening on ACPID Listen Socket.cloud-init[964]: ci-info: |   lo   |  True |          ::1/128           |       .       |  host  |         .         |
[[0;32m  OK  [0m] Started Ubuntu Advantage update messaging.
[   37.767722] 
[cloud-init[964]: [0;32m  OK  [0m] ci-info: +--------+-------+----------------------------+---------------+--------+-------------------+Listening on D-Bus System Message Bus Socket.

[   37.795859] [[0;32m  OK  [0mcloud-init[964]: ] Started Daily Cleanup of Temporary Directories.ci-info: +++++++++++++++++++++++++++Route IPv4 info++++++++++++++++++++++++++++

[[0;32m  OK  [0m[   37.825508] cloud-init] Started ACPI Events Check.[964]: ci-info: +-------+-------------+----------+---------------+-----------+-------+
[[0;32m  OK  [0m
[   37.848480] cloud-init[964]: ] Reached target Paths.
[ci-info: | Route | Destination | Gateway  |    Genmask    | Interface | Flags |[0;32m  OK  [0m] Listening on UUID daemon activation socket.
[   37.875948] cloud-init
[[0;32m  OK  [0m[964]: ci-info: +-------+-------------+----------+---------------+-----------+-------+] Started Daily apt download activities.
[   37.903029] 
[[0;32m  OK  [0m] cloud-initStarted Daily apt upgrade and clean activities.[964]: ci-info: |   0   |   0.0.0.0   | 10.0.2.2 |    0.0.0.0    |   enp0s3  |   UG  |
[[0;32m  OK  [0m] 
[   37.938907] Reached target Timers.
cloud-init[964]: ci-info: |   1   |   10.0.2.0  | 0.0.0.0  | 255.255.255.0 |   enp0s3  |   U   |[[0;32m  OK  [0m
] Listening on Socket activation for snappy daemon.[   37.978494] 
[cloud-init[0;32m  OK  [0m] Listening on LXD - unix socket.
[964]: [ci-info: +-------+-------------+----------+---------------+-----------+-------+[0;32m  OK  [0m] Reached target Sockets.
[[0;32m  OK  [0m
] Reached target Basic System.
[   38.051104]          Starting LSB: MD monitoring daemon...cloud-init
[964]: [[0;32m  OK  [0m] Started D-Bus System Message Bus.ci-info: +++++++++++++++++++Route IPv6 info+++++++++++++++++++

[   38.142914] cloud-init[964]: ci-info: +-------+-------------+---------+-----------+-------+
[   38.195071] cloud-init[964]: ci-info: | Route | Destination | Gateway | Interface | Flags |
[   38.223125] cloud-init[964]:          ci-info: +-------+-------------+---------+-----------+-------+Starting System Logging Service...

[[0;32m  OK  [0m] Started Regular background program processing daemon.
[[0;32m  OK  [0m] [   38.313873] Started FUSE filesystem for LXC.cloud-init
         [964]: ci-info: |   0   |  fe80::/64  |    ::   |   enp0s3  |   U   |Starting Pollinate to seed the pseudo random number generator...
         
Starting Virtualbox guest utils...
[[0;32m  OK  [0m] Started Deferred execution scheduler.
[   38.434007] cloud-init         Starting Accounts Service...
         Starting LXD - container startup/shutdown...
[[0;32m  OK  [0m] Started ACPI event daemon.
         Starting Login Service...
         Starting LSB: Record successful boot for GRUB...
         [964]: Starting /etc/rc.local Compatibility...
ci-info: |   4   |   ff00::/8  |    ::   |   enp0s3  |   U   |         Starting Snap Daemon...
[[0;32m  OK  [0m] Started System Logging Service.
[[0;32m  OK  [0m] Started iSCSI initiator daemon (iscsid).
[[0;32m  OK  [0m] Started /etc/rc.local Compatibility.

[[0;32m  OK  [0m] Started Login Service.
[[0;32m  OK  [0m] Started Unattended Upgrades Shutdown.[   38.786220] 
         Starting Login to default iSCSI targets...
cloud-init[964]: ci-info: +-------+-------------+---------+-----------+-------+
[   39.128983] [[0;32m  OK  [0m] Started LSB: MD monitoring daemon.cloud-init
[964]: [[0;32m  OK  [0m] Started LSB: Record successful boot for GRUB.
Generating public/private rsa key pair.
[   39.434409] cloud-init[[0;32m  OK  [0m[964]: Your identification has been saved in /etc/ssh/ssh_host_rsa_key.] Started Login to default iSCSI targets.
[[0;32m  OK  [0m] Reached target Remote File Systems (Pre).
[[0;32m  OK  [0m] Reached target Remote File Systems.
         Starting Permit User Sessions...

         [   39.638193] Starting LSB: Set the CPU Frequency Scaling governor to "ondemand"...
         Starting LSB: daemon to balance interrupts for SMP systems...
         Starting LSB: automatic crash report generation...
cloud-init[964]: [[0;32m  OK  [0m] Started Permit User Sessions.
         Your public key has been saved in /etc/ssh/ssh_host_rsa_key.pub.Starting Hold until boot process finishes up...
         Starting Terminate Plymouth Boot Screen...
[[0;32m  OK  [0m] Started Hold until boot process finishes up.
[[0;32m  OK  [0m] Started Terminate Plymouth Boot Screen.
[[0;32m  OK  [0m
] Started Serial Getty on ttyS0.
[[0;32m  OK  [0m] Started Getty on tty1.
[[0;32m  OK  [0m[   40.029608] cloud-init] Reached target Login Prompts.
[964]:          Starting Set console scheme...
The key fingerprint is:
[[0;32m  OK  [0m] Started Set console scheme.
[[0;32m  OK  [0m] Started LSB: Set the CPU Frequency Scaling governor to "ondemand".
         Starting Authenticate and Authorize Users to Run Privileged Tasks...
[   40.249420] cloud-init[964]: SHA256:3loPCRD1wOF7WYolpUN6XEtfR76pB+ApJToLca02H/0 root@ubuntu-xenial[[0;32m  OK  [0m] Started LSB: daemon to balance interrupts for SMP systems.

[   40.526007] cloud-init[964]: [[0;32m  OK  [0m] Started Authenticate and Authorize Users to Run Privileged Tasks.
[[0;32m  OK  [0m] Started Accounts Service.
The key's randomart image is:[[0;32m  OK  [0m] Started LSB: automatic crash report generation.

[   40.695580] cloud-init[964]: +---[RSA 2048]----+
[   40.813182] cloud-init[964]: |      .o=.+   ..o|
[[0;32m  OK  [0m[   40.933035] cloud-init] Started Virtualbox guest utils.
[964]: |       *oB o . o |
[   41.048869] cloud-init[964]: |     .o.Bo+oo   .|
[[0;32m  OK  [0m] Started LXD - container startup/shutdown.
[   41.229791] cloud-init[964]: |      ooo*=+o   o|
[   41.331458] cloud-init[964]: |     . *So++ . o |
[   41.464372] cloud-init[964]: |      o.=+o.. o  |
[   41.695893] cloud-init[964]: |       ...=  E . |
[   41.785414] cloud-init[964]: |         o o  .  |
[   41.892556] cloud-init[964]: |        .   .    |
[   42.001446] cloud-init[964]: +----[SHA256]-----+
[   42.066554] cloud-init[964]: Generating public/private dsa key pair.
[   42.124872] cloud-init[964]: Your identification has been saved in /etc/ssh/ssh_host_dsa_key.[[0;32m  OK  [0m] Started Pollinate to seed the pseudo random number generator.
         Starting OpenBSD Secure Shell server...

[   42.261984] cloud-init[964]: Your public key has been saved in /etc/ssh/ssh_host_dsa_key.pub.
[   42.381724] cloud-init[964]: The key fingerprint is:[[0;32m  OK  [0m] Started OpenBSD Secure Shell server.

[   42.459199] cloud-init[964]: SHA256:8aem4byDI07tL44IvRutPg2sQs8IUeu487coTPyEUAU root@ubuntu-xenial
[   42.498505] cloud-init[964]: The key's randomart image is:
[   42.525148] cloud-init[964]: +---[DSA 1024]----+
[   42.560639] cloud-init[964]: |  Eo.            |
[   42.621287] cloud-init[964]: |  o              |
[   42.665043] cloud-init[964]: | o .    .        |
[   42.751509] cloud-init[964]: |o .      o       |
[   42.822862] cloud-init[964]: |o=.     S . .    |
[   42.873726] cloud-init[964]: |o*+o .     o     |
[   42.919010] cloud-init[964]: |*oOoo ... o      |
[   42.978628] cloud-init[[0;32m  OK  [0m] Created slice User Slice of vagrant.[964]: |*+.@+o+o.+       |

         Starting User Manager for UID 1000...[   43.101122] 
cloud-init[[0;32m  OK  [0m] Started Session 1 of user vagrant.[964]: 
|.=O=++o+*o       |
[[0;32m  OK  [0m] [   43.222646] cloud-initStarted User Manager for UID 1000.
[964]: +----[SHA256]-----+
[   43.287991] cloud-init[[0;32m  OK  [0m] Started Snap Daemon.[964]: Generating public/private ecdsa key pair.
         
Starting Wait until snapd is fully seeded...
[   43.439111] cloud-init[964]: Your identification has been saved in /etc/ssh/ssh_host_ecdsa_key.
[   43.641931] cloud-init[964]: Your public key has been saved in /etc/ssh/ssh_host_ecdsa_key.pub.
[   43.799032] cloud-init[964]: The key fingerprint is:
[   43.951257] cloud-init[964]: SHA256:yZUhhG2Tz5snvfnFxEsR9XzJHsKglKW3xZOZq1DAQ0E root@ubuntu-xenial
[   44.124872] cloud-init[964]: The key's randomart image is:
[   44.263297] cloud-init[964]: +---[ECDSA 256]---+
[   44.368515] cloud-init[964]: |       +*E=o   .o|
[   44.426134] cloud-init[964]: |      . *=+o+ =.+|
[   44.475304] cloud-init[964]: |       . *+o X =+|
[   44.551396] cloud-init[964]: |       . o= o =.+|
[   44.661514] cloud-init[964]: |        S. = . oo|
[   44.718818] cloud-init[964]: |          = + .o.|
[   44.812334] cloud-init[964]: |           + o .o|
[   44.877622] cloud-init[964]: |            o  . |
[   44.928674] cloud-init[964]: |             ..  |
[   45.122663] cloud-init[964]: +----[SHA256]-----+
[   45.545180] cloud-init[964]: Generating public/private ed25519 key pair.
[   45.635143] cloud-init[964]: Your identification has been saved in /etc/ssh/ssh_host_ed25519_key.
[   45.710702] cloud-init[964]: Your public key has been saved in /etc/ssh/ssh_host_ed25519_key.pub.
[   45.862624] cloud-init[964]: The key fingerprint is:
[   45.923050] cloud-init[964]: SHA256:mUVBet1XsdfNVqOJ1LfG9dGZo3oZYGZrQNWgJroMkZk root@ubuntu-xenial
[   45.990044] cloud-init[964]: The key's randomart image is:
[   46.046275] cloud-init[964]: +--[ED25519 256]--+

Ub[   46.132829] ucloud-initntu[964]:  1|        .o==+  oB|6
.0[   46.267533] 4cloud-init.[964]: |    +    +o*.+oBX|7 LT
[   46.393975] S ubuntu-xenialcloud-init [964]: |   E   ..oB.+o=.&|ttyS0


[   46.544421] cloud-initubuntu-xenial login: [964]: |    . . o= o o *o|
[   46.631812] cloud-init[964]: |   . .  S . . +  |
[   46.731887] cloud-init[964]: |    o .    . o   |
[   46.776649] cloud-init[964]: |     o      .    |
[   46.821495] cloud-init[964]: |                 |
[   46.870263] cloud-init[964]: |                 |
[   46.904415] cloud-init[964]: +----[SHA256]-----+
[   53.154175] cloud-init[1453]: Generating locales (this might take a while)...
[   61.446596] cloud-init[1453]:   en_US.UTF-8... done
[   61.505958] cloud-init[1453]: Generation complete.
[   63.547751] cloud-init[1453]: Cloud-init v. 21.1-19-gbad84ad4-0ubuntu1~16.04.2 running 'modules:config' at Mon, 14 Aug 2023 23:57:46 +0000. Up 52.40 seconds.
ci-info: no authorized SSH keys fingerprints found for user ubuntu.
<14>Aug 14 23:58:01 ec2: 
<14>Aug 14 23:58:01 ec2: #############################################################
<14>Aug 14 23:58:01 ec2: -----BEGIN SSH HOST KEY FINGERPRINTS-----
<14>Aug 14 23:58:01 ec2: 1024 SHA256:8aem4byDI07tL44IvRutPg2sQs8IUeu487coTPyEUAU root@ubuntu-xenial (DSA)
<14>Aug 14 23:58:01 ec2: 256 SHA256:yZUhhG2Tz5snvfnFxEsR9XzJHsKglKW3xZOZq1DAQ0E root@ubuntu-xenial (ECDSA)
<14>Aug 14 23:58:01 ec2: 256 SHA256:mUVBet1XsdfNVqOJ1LfG9dGZo3oZYGZrQNWgJroMkZk root@ubuntu-xenial (ED25519)
<14>Aug 14 23:58:01 ec2: 2048 SHA256:3loPCRD1wOF7WYolpUN6XEtfR76pB+ApJToLca02H/0 root@ubuntu-xenial (RSA)
<14>Aug 14 23:58:01 ec2: -----END SSH HOST KEY FINGERPRINTS-----
<14>Aug 14 23:58:01 ec2: #############################################################
-----BEGIN SSH HOST KEY KEYS-----
ecdsa-sha2-nistp256 AAAAE2VjZHNhLXNoYTItbmlzdHAyNTYAAAAIbmlzdHAyNTYAAABBBIOFS1meKRrJmJA/nqmenX3ACsvgFUJ0bP6mdzoaqJffWeBV60W+Wkuxndvnmu3GC8h+e5E1Q3+Zrtl+kXLA8OE= root@ubuntu-xenial
ssh-ed25519 AAAAC3NzaC1lZDI1NTE5AAAAIBxXr3k/FHt8jX9Pv85lMeBbdNu6/HFPXhR7V0pD5FuA root@ubuntu-xenial
ssh-rsa AAAAB3NzaC1yc2EAAAADAQABAAABAQDLXrRDckTPmY0yx0Nl8/FOyOKZRxGXGoo1dbqsbXyyLSbXdSr+ooyIoAPS9M9NR3kY/hdq7EcXNWFnfLUz6M0jQRFQpWsOHWV8j3CGhBA2y4T0+aGVjXb3FycyPu0nk3peMMQbILc8/3p1EhVyHTV0NFD2TK/SUBH753YavntCVTXwmGJWRD0PqXUKUp7t4XOLYnan1RzG+METP7Wk4L1/3chGDfMLnH+GZN6QAJRh/bnB3YgIqKbjHa9Po+xtiKZsMbDwFrQq/u8KDuJnQ2U28512DaRmDuZNKpmF5u13zxwaIj7aaH43SY7sBYogamL+xBUMSTVoyS7iO/6VdoV1 root@ubuntu-xenial
-----END SSH HOST KEY KEYS-----
[   66.904999] cloud-init[1678]: Cloud-init v. 21.1-19-gbad84ad4-0ubuntu1~16.04.2 running 'modules:final' at Mon, 14 Aug 2023 23:58:00 +0000. Up 65.65 seconds.
[   67.013197] cloud-init[1678]: ci-info: no authorized SSH keys fingerprints found for user ubuntu.
[   67.108966] cloud-init[1678]: Cloud-init v. 21.1-19-gbad84ad4-0ubuntu1~16.04.2 finished at Mon, 14 Aug 2023 23:58:01 +0000. Datasource DataSourceNoCloud [seed=/dev/sdb][dsmode=net].  Up 66.88 seconds
